###############################################################
#  Generated by:      Cadence Innovus 15.20-p005_1
#  OS:                Linux x86_64(Host ID ufrgs-server-10)
#  Generated on:      Thu Oct 11 16:24:14 2018
#  Design:            z80_top_direct_n
#  Command:           check_design -all
###############################################################
Design: z80_top_direct_n

------ Design Summary:
Total Standard Cell Number   (cells) : 2811
Total Block Cell Number      (cells) : 0
Total I/O Pad Cell Number    (cells) : 0
Total Standard Cell Area     ( um^2) : 61368.10
Total Block Cell Area        ( um^2) : 0.00
Total I/O Pad Cell Area      ( um^2) : 0.00

------ Design Statistics:

Number of Instances            : 2811
Number of Nets                 : 2505
Average number of Pins per Net : 4.18
Maximum number of Pins in Net  : 362

------ I/O Port summary

Number of Primary I/O Ports    : 38
Number of Input Ports          : 6
Number of Output Ports         : 24
Number of Bidirectional Ports  : 8
Number of Power/Ground Ports   : 0



------------------------------------------------------------
Detail report:


------ I/O Pad/Port Checking


